A D/addftinfo////
A D/afmtodit////
A D/devX100////
A D/devX100-12////
A D/devX75////
A D/devX75-12////
A D/devascii////
A D/devdvi////
A D/devlatin1////
A D/devlj4////
A D/devps////
A D/doc////
A D/eqn////
A D/grodvi////
A D/groff////
A D/grog////
A D/grolj4////
A D/grops////
A D/grotty////
A D/hpftodit////
A D/include////
A D/indxbib////
A D/libbib////
A D/libdriver////
A D/libgroff////
A D/lkbib////
A D/lookbib////
A D/man////
A D/mm////
A D/nroff////
A D/pfbtops////
A D/pic////
A D/psbb////
A D/refer////
A D/soelim////
A D/tbl////
A D/tfmtodit////
A D/tmac////
A D/troff////
A D/xditview////
