A D/Downhill////
A D/bc-1.05////
A D/bison-1.28////
A D/bzip2-0.9.0b////
A D/fileutils-3.16////
A D/findutils-4.1////
A D/flex-2.5.4////
A D/fsplit////
A D/gawk-3.0.4////
A D/grep-2.4////
A D/groff-1.11////
A D/gsar110////
A D/gzip-1.2.4a////
A D/help////
A D/id-utils-3.2d////
A D/indent-2.2.0////
A D/jwhois-2.4.1////
A D/less-340////
A D/m4-1.4////
A D/make-3.78.1////
A D/ncompress-4.2.4////
A D/patch-2.5////
A D/plotmtv-1.4.1////
A D/recode-3.5////
A D/rman-3.0.7////
A D/sed-3.02////
A D/sed-4.0.7////
A D/sh-utils-1.13////
A D/sharutils-4.1////
A D/shellutils-1.9.4////
A D/tar-1.12////
A D/textutils-2.0////
A D/textutils-2.1////
A D/which-2.4////
R D/textutils-2.1////
R D/sed-4.0.7////
